<?xml version="1.0" encoding="UTF-8"?>
<!-- Generated by org.testng.reporters.JUnitReportReporter -->
<testsuite skipped="0" hostname="User-PC" name="GenPrac.NewTest" tests="3" failures="0" timestamp="10 Apr 2018 03:01:08 GMT" time="1.563" errors="0">
  <testcase name="month" time="0.592" classname="GenPrac.NewTest"/>
  <testcase name="day" time="0.458" classname="GenPrac.NewTest"/>
  <testcase name="year" time="0.513" classname="GenPrac.NewTest"/>
</testsuite> <!-- GenPrac.NewTest -->
