<?xml version="1.0" encoding="UTF-8"?>
<!-- Generated by org.testng.reporters.JUnitReportReporter -->
<testsuite skipped="0" hostname="User-PC" name="GenPrac.dragdrop" tests="1" failures="0" timestamp="10 Apr 2018 14:12:31 GMT" time="0.745" errors="0">
  <testcase name="f" time="0.745" classname="GenPrac.dragdrop"/>
</testsuite> <!-- GenPrac.dragdrop -->
