<?xml version="1.0" encoding="UTF-8"?>
<!-- Generated by org.testng.reporters.JUnitReportReporter -->
<testsuite skipped="0" hostname="User-PC" name="TESTNGGenPrac.NewTab" tests="1" failures="0" timestamp="10 Apr 2018 15:08:08 GMT" time="1.342" errors="0">
  <testcase name="f" time="1.342" classname="TESTNGGenPrac.NewTab"/>
</testsuite> <!-- TESTNGGenPrac.NewTab -->
