<?xml version="1.0" encoding="UTF-8"?>
<!-- Generated by org.testng.reporters.JUnitReportReporter -->
<testsuite skipped="0" hostname="User-PC" name="TESTNGGenPrac.NewTest" tests="1" failures="0" timestamp="10 Apr 2018 15:24:22 GMT" time="0.112" errors="0">
  <testcase name="f" time="0.112" classname="TESTNGGenPrac.NewTest"/>
</testsuite> <!-- TESTNGGenPrac.NewTest -->
