<?xml version="1.0" encoding="UTF-8"?>
<!-- Generated by org.testng.reporters.JUnitReportReporter -->
<testsuite skipped="0" hostname="User-PC" name="TESTNGGenPrac.LocateElem" tests="1" failures="0" timestamp="10 Apr 2018 16:22:40 GMT" time="1.452" errors="0">
  <testcase name="f" time="1.452" classname="TESTNGGenPrac.LocateElem"/>
</testsuite> <!-- TESTNGGenPrac.LocateElem -->
